<?xml version="1.0" encoding="UTF-8"?>
<testng-results skipped="0" failed="0" ignored="0" total="2" passed="2">
  <reporter-output>
  </reporter-output>
  <suite name="Default suite" duration-ms="83188" started-at="2022-01-17T03:58:00Z" finished-at="2022-01-17T03:59:23Z">
    <groups>
    </groups>
    <test name="Default test" duration-ms="83188" started-at="2022-01-17T03:58:00Z" finished-at="2022-01-17T03:59:23Z">
      <class name="tests.NewTest">
        <test-method status="PASS" signature="beforeClass()[pri:0, instance:tests.NewTest@6d00a15d]" name="beforeClass" is-config="true" duration-ms="27031" started-at="2022-01-17T09:28:00Z" finished-at="2022-01-17T09:28:27Z">
          <reporter-output>
          </reporter-output>
        </test-method> <!-- beforeClass -->
        <test-method status="PASS" signature="testCreateOrder()[pri:1, instance:tests.NewTest@6d00a15d]" name="testCreateOrder" duration-ms="29483" started-at="2022-01-17T09:28:27Z" finished-at="2022-01-17T09:28:56Z">
          <reporter-output>
          </reporter-output>
        </test-method> <!-- testCreateOrder -->
        <test-method status="PASS" signature="testCreateMO()[pri:2, instance:tests.NewTest@6d00a15d]" name="testCreateMO" duration-ms="16176" started-at="2022-01-17T09:28:56Z" finished-at="2022-01-17T09:29:13Z">
          <reporter-output>
          </reporter-output>
        </test-method> <!-- testCreateMO -->
        <test-method status="PASS" signature="afterClass()[pri:0, instance:tests.NewTest@6d00a15d]" name="afterClass" is-config="true" duration-ms="10457" started-at="2022-01-17T09:29:13Z" finished-at="2022-01-17T09:29:23Z">
          <reporter-output>
          </reporter-output>
        </test-method> <!-- afterClass -->
      </class> <!-- tests.NewTest -->
    </test> <!-- Default test -->
  </suite> <!-- Default suite -->
</testng-results>
